<?xml version="1.0" encoding="UTF-8"?>
<!-- Generated by org.testng.reporters.JUnitXMLReporter -->
<testsuite ignored="6" hostname="BA-000175025" failures="2" tests="19" name="Orange HRM Test" time="195.715" errors="0" timestamp="2023-05-25T15:42:29 IST">
  <testcase classname="com.orangehrm.tests.HomePageNavigationTest" name="verifyAppNewURLNavigation" time="19.38"/>
  <testcase classname="com.orangehrm.tests.HomePageNavigationTest" name="verifyAdminPageNavigation" time="6.217"/>
  <testcase classname="com.orangehrm.tests.HomePageNavigationTest" name="verifyPIMPageNavigation" time="3.96"/>
  <testcase classname="com.orangehrm.tests.HomePageNavigationTest" name="verifyLeavePageNavigation" time="5.619"/>
  <testcase classname="com.orangehrm.tests.HomePageNavigationTest" name="verifyTimePageNavigation" time="3.801"/>
  <testcase classname="com.orangehrm.tests.HomePageNavigationTest" name="verifyRecruitmentPageNavigation" time="3.162"/>
  <testcase classname="com.orangehrm.tests.HomePageNavigationTest" name="verifyMyInfoPageNavigation" time="4.359"/>
  <testcase classname="com.orangehrm.tests.HomePageNavigationTest" name="verifyPerformancePageNavigation" time="3.143"/>
  <testcase classname="com.orangehrm.tests.HomePageNavigationTest" name="verifyDashboardPageNavigation" time="3.328"/>
  <testcase classname="com.orangehrm.tests.HomePageNavigationTest" name="verifyDirectoryPageNavigation" time="4.087"/>
  <testcase classname="com.orangehrm.tests.HomePageNavigationTest" name="verifyMaintenancePageNavigation" time="7.441"/>
  <testcase classname="com.orangehrm.tests.HomePageNavigationTest" name="verifyBuzzPageNavigation" time="4.086"/>
  <testcase classname="com.orangehrm.tests.EmployeeTest" name="addEmployee" time="11.746"/>
  <testcase classname="com.orangehrm.tests.EmployeeTest" name="searchEmployeeAndVerify" time="12.845"/>
  <testcase classname="com.orangehrm.tests.UserManagementTest" name="addUser" time="25.177"/>
  <testcase classname="com.orangehrm.tests.UserManagementTest" name="searchUserAndVerify" time="12.447">
    <failure type="java.lang.AssertionError" message="Employee Name does not matched...!!! expected [Salman Salim Khan] but found [Salman Khan]">
      <![CDATA[java.lang.AssertionError: Employee Name does not matched...!!! expected [Salman Salim Khan] but found [Salman Khan]
at com.orangehrm.tests.UserManagementTest.searchUserAndVerify(UserManagementTest.java:89)
at java.base/java.util.ArrayList.forEach(ArrayList.java:1511)
... Removed 30 stack frames]]>
    </failure>
  </testcase> <!-- searchUserAndVerify -->
  <testcase classname="com.orangehrm.tests.UserManagementTest" name="updateUserDetailsAndVerify" time="24.759">
    <failure type="java.lang.AssertionError" message="Employee Name does not matched...!!! expected [Salman Salim Khan] but found [Salman Khan]">
      <![CDATA[java.lang.AssertionError: Employee Name does not matched...!!! expected [Salman Salim Khan] but found [Salman Khan]
at com.orangehrm.tests.UserManagementTest.updateUserDetailsAndVerify(UserManagementTest.java:152)
at java.base/java.util.ArrayList.forEach(ArrayList.java:1511)
... Removed 30 stack frames]]>
    </failure>
  </testcase> <!-- updateUserDetailsAndVerify -->
  <testcase classname="com.orangehrm.tests.UserManagementTest" name="deleteUserAndVerify" time="5.76"/>
  <testcase classname="com.orangehrm.tests.UserManagementTest" name="deleteEmployeeAndVerify" time="12.307"/>
  <testcase classname="com.orangehrm.driverfactory.WebDriverSession" name="@AfterSuite tearDown" time="0.0">
    <ignored/>
  </testcase> <!-- @AfterSuite tearDown -->
  <testcase classname="com.orangehrm.driverfactory.WebDriverSession" name="@BeforeSuite setUp" time="0.0">
    <ignored/>
  </testcase> <!-- @BeforeSuite setUp -->
  <testcase classname="com.orangehrm.driverfactory.WebDriverSession" name="@AfterSuite tearDown" time="0.0">
    <ignored/>
  </testcase> <!-- @AfterSuite tearDown -->
  <testcase classname="com.orangehrm.driverfactory.WebDriverSession" name="@BeforeSuite setUp" time="0.0">
    <ignored/>
  </testcase> <!-- @BeforeSuite setUp -->
  <testcase classname="com.orangehrm.driverfactory.WebDriverSession" name="@AfterSuite tearDown" time="0.0">
    <ignored/>
  </testcase> <!-- @AfterSuite tearDown -->
  <testcase classname="com.orangehrm.driverfactory.WebDriverSession" name="@BeforeSuite setUp" time="0.0">
    <ignored/>
  </testcase> <!-- @BeforeSuite setUp -->
</testsuite> <!-- Orange HRM Test -->
