<?xml version="1.0" encoding="UTF-8"?>
<!-- Generated by org.testng.reporters.JUnitXMLReporter -->
<testsuite ignored="5" hostname="BA-000175025" failures="1" tests="7" name="OrangeHRM Test" time="86.617" errors="0" timestamp="2023-06-05T17:53:21 IST">
  <testcase classname="com.orangehrm.tests.LoginTest" name="loginToApplication" time="2.681"/>
  <testcase classname="com.orangehrm.tests.EmployeeTest" name="addEmployee" time="24.235"/>
  <testcase classname="com.orangehrm.tests.UserManagementTest" name="addUser" time="12.08"/>
  <testcase classname="com.orangehrm.tests.UserManagementTest" name="searchUserAndVerify" time="6.352"/>
  <testcase classname="com.orangehrm.tests.UserManagementTest" name="updateUserAndVerify" time="14.778"/>
  <testcase classname="com.orangehrm.tests.UserManagementTest" name="deleteUserAndVerify" time="1.061"/>
  <testcase classname="com.orangehrm.tests.UserManagementTest" name="deleteEmployeeAndVerify" time="1.404">
    <failure type="java.lang.IllegalArgumentException" message="Keys to send should be a not null CharSequence">
      <![CDATA[java.lang.IllegalArgumentException: Keys to send should be a not null CharSequence
at org.openqa.selenium.remote.RemoteWebElement.sendKeys(RemoteWebElement.java:98)
at org.openqa.selenium.support.pagefactory.internal.LocatingElementHandler.invoke(LocatingElementHandler.java:52)
at com.sun.proxy.$Proxy18.sendKeys(Unknown Source)
at com.orangehrm.pages.EmployeePage.enterEmployeeID(EmployeePage.java:100)
at com.orangehrm.tests.UserManagementTest.deleteEmployeeAndVerify(UserManagementTest.java:288)
at java.base/java.util.ArrayList.forEach(ArrayList.java:1541)
... Removed 31 stack frames]]>
    </failure>
  </testcase> <!-- deleteEmployeeAndVerify -->
  <testcase classname="com.orangehrm.driverfactory.WebDriverSession" name="@BeforeSuite setUp" time="0.0">
    <ignored/>
  </testcase> <!-- @BeforeSuite setUp -->
  <testcase classname="com.orangehrm.driverfactory.WebDriverSession" name="@AfterSuite tearDown" time="0.0">
    <ignored/>
  </testcase> <!-- @AfterSuite tearDown -->
  <testcase classname="com.orangehrm.driverfactory.WebDriverSession" name="@BeforeSuite setUp" time="0.0">
    <ignored/>
  </testcase> <!-- @BeforeSuite setUp -->
  <testcase classname="com.orangehrm.tests.EmployeeTest" name="searchEmployeeAndVerify" time="0.0">
    <ignored/>
  </testcase> <!-- searchEmployeeAndVerify -->
  <testcase classname="com.orangehrm.driverfactory.WebDriverSession" name="@AfterSuite tearDown" time="0.0">
    <ignored/>
  </testcase> <!-- @AfterSuite tearDown -->
</testsuite> <!-- OrangeHRM Test -->
